kotlin version: 2.0.0
error message: java.lang.Exception: Could not flush incremental caches in C:\Users\Catalin\AndroidStudioProjects\DeepSeekChat4\app\build\kspCaches\debug\symbolLookups: lookups.tab
	at org.jetbrains.kotlin.incremental.storage.BasicMapsOwner.forEachMapSafe(BasicMapsOwner.kt:93)
	at org.jetbrains.kotlin.incremental.storage.BasicMapsOwner.flush(BasicMapsOwner.kt:41)
	at com.google.devtools.ksp.LookupStorageWrapperImpl.flush(IncrementalContext.kt:247)
	at com.google.devtools.ksp.common.IncrementalContextBase.updateLookupCache(IncrementalContextBase.kt:134)
	at com.google.devtools.ksp.common.IncrementalContextBase.updateCaches(IncrementalContextBase.kt:364)
	at com.google.devtools.ksp.common.IncrementalContextBase.updateCachesAndOutputs(IncrementalContextBase.kt:472)
	at com.google.devtools.ksp.AbstractKotlinSymbolProcessingExtension.doAnalysis(KotlinSymbolProcessingExtension.kt:362)
	at org.jetbrains.kotlin.cli.jvm.compiler.TopDownAnalyzerFacadeForJVM.analyzeFilesWithJavaIntegration(TopDownAnalyzerFacadeForJVM.kt:112)
	at org.jetbrains.kotlin.cli.jvm.compiler.TopDownAnalyzerFacadeForJVM.analyzeFilesWithJavaIntegration$default(TopDownAnalyzerFacadeForJVM.kt:75)
	at org.jetbrains.kotlin.cli.jvm.compiler.KotlinToJVMBytecodeCompiler.analyze$lambda$12(KotlinToJVMBytecodeCompiler.kt:373)
	at org.jetbrains.kotlin.cli.common.messages.AnalyzerWithCompilerReport.analyzeAndReport(AnalyzerWithCompilerReport.kt:115)
	at org.jetbrains.kotlin.cli.jvm.compiler.KotlinToJVMBytecodeCompiler.analyze(KotlinToJVMBytecodeCompiler.kt:364)
	at org.jetbrains.kotlin.cli.jvm.compiler.KotlinToJVMBytecodeCompiler.runFrontendAndGenerateIrUsingClassicFrontend(KotlinToJVMBytecodeCompiler.kt:195)
	at org.jetbrains.kotlin.cli.jvm.compiler.KotlinToJVMBytecodeCompiler.compileModules$cli(KotlinToJVMBytecodeCompiler.kt:106)
	at org.jetbrains.kotlin.cli.jvm.K2JVMCompiler.doExecute(K2JVMCompiler.kt:176)
	at org.jetbrains.kotlin.cli.jvm.K2JVMCompiler.doExecute(K2JVMCompiler.kt:50)
	at org.jetbrains.kotlin.cli.common.CLICompiler.execImpl(CLICompiler.kt:104)
	at org.jetbrains.kotlin.cli.common.CLICompiler.execImpl(CLICompiler.kt:48)
	at org.jetbrains.kotlin.cli.common.CLITool.exec(CLITool.kt:101)
	at org.jetbrains.kotlin.cli.common.CLITool.exec(CLITool.kt:79)
	at org.jetbrains.kotlin.cli.common.CLICompiler.execAndOutputXml(CLICompiler.kt:64)
	at java.base/jdk.internal.reflect.DirectMethodHandleAccessor.invoke(DirectMethodHandleAccessor.java:103)
	at java.base/java.lang.reflect.Method.invoke(Method.java:580)
	at org.jetbrains.kotlin.compilerRunner.GradleKotlinCompilerWork.compileInProcessImpl(GradleKotlinCompilerWork.kt:391)
	at org.jetbrains.kotlin.compilerRunner.GradleKotlinCompilerWork.access$compileInProcessImpl(GradleKotlinCompilerWork.kt:85)
	at org.jetbrains.kotlin.compilerRunner.GradleKotlinCompilerWork$compileInProcess$future$1.call(GradleKotlinCompilerWork.kt:364)
	at org.jetbrains.kotlin.compilerRunner.GradleKotlinCompilerWork$compileInProcess$future$1.call(GradleKotlinCompilerWork.kt:363)
	at java.base/java.util.concurrent.FutureTask.run(FutureTask.java:317)
	at java.base/java.util.concurrent.ThreadPoolExecutor.runWorker(ThreadPoolExecutor.java:1144)
	at java.base/java.util.concurrent.ThreadPoolExecutor$Worker.run(ThreadPoolExecutor.java:642)
	at java.base/java.lang.Thread.run(Thread.java:1583)
	Suppressed: java.lang.RuntimeException: java.lang.IndexOutOfBoundsException
		at org.jetbrains.kotlin.com.intellij.util.io.PersistentEnumeratorBase.catchCorruption(PersistentEnumeratorBase.java:628)
		at org.jetbrains.kotlin.com.intellij.util.io.PersistentEnumeratorBase.doEnumerate(PersistentEnumeratorBase.java:266)
		at org.jetbrains.kotlin.com.intellij.util.io.PersistentEnumeratorBase.enumerate(PersistentEnumeratorBase.java:279)
		at org.jetbrains.kotlin.com.intellij.util.io.PersistentMapImpl.enumerate(PersistentMapImpl.java:425)
		at org.jetbrains.kotlin.com.intellij.util.io.PersistentMapImpl.access$300(PersistentMapImpl.java:46)
		at org.jetbrains.kotlin.com.intellij.util.io.PersistentMapImpl$2.onDropFromCache(PersistentMapImpl.java:233)
		at org.jetbrains.kotlin.com.intellij.util.io.PersistentMapImpl$2.onDropFromCache(PersistentMapImpl.java:215)
		at org.jetbrains.kotlin.com.intellij.util.containers.SLRUMap.clear(SLRUMap.java:172)
		at org.jetbrains.kotlin.com.intellij.util.io.PersistentMapImpl.flushAppendCache(PersistentMapImpl.java:930)
		at org.jetbrains.kotlin.com.intellij.util.io.PersistentMapImpl.clearAppenderCaches(PersistentMapImpl.java:754)
		at org.jetbrains.kotlin.com.intellij.util.io.PersistentMapImpl.doForce(PersistentMapImpl.java:741)
		at org.jetbrains.kotlin.com.intellij.util.io.PersistentMapImpl.force(PersistentMapImpl.java:730)
		at org.jetbrains.kotlin.com.intellij.util.io.PersistentHashMap.force(PersistentHashMap.java:194)
		at org.jetbrains.kotlin.incremental.storage.LazyStorage.flush(LazyStorage.kt:88)
		at org.jetbrains.kotlin.incremental.storage.AppendableSetBasicMap.flush(BasicMap.kt:152)
		at org.jetbrains.kotlin.incremental.storage.BasicMapsOwner$flush$1.invoke(BasicMapsOwner.kt:41)
		at org.jetbrains.kotlin.incremental.storage.BasicMapsOwner$flush$1.invoke(BasicMapsOwner.kt:41)
		at org.jetbrains.kotlin.incremental.storage.BasicMapsOwner.forEachMapSafe(BasicMapsOwner.kt:85)
		... 30 more
	Caused by: java.lang.IndexOutOfBoundsException
		at java.base/java.nio.Buffer$1.apply(Buffer.java:757)
		at java.base/java.nio.Buffer$1.apply(Buffer.java:754)
		at java.base/jdk.internal.util.Preconditions$4.apply(Preconditions.java:213)
		at java.base/jdk.internal.util.Preconditions$4.apply(Preconditions.java:210)
		at java.base/jdk.internal.util.Preconditions.outOfBounds(Preconditions.java:98)
		at java.base/jdk.internal.util.Preconditions.outOfBoundsCheckIndex(Preconditions.java:106)
		at java.base/jdk.internal.util.Preconditions.checkIndex(Preconditions.java:302)
		at java.base/java.nio.Buffer.checkIndex(Buffer.java:768)
		at java.base/java.nio.DirectByteBuffer.get(DirectByteBuffer.java:342)
		at org.jetbrains.kotlin.com.intellij.util.io.DirectBufferWrapper.get(DirectBufferWrapper.java:62)
		at org.jetbrains.kotlin.com.intellij.util.io.keyStorage.AppendableStorageBackedByResizableMappedFile$3.write(AppendableStorageBackedByResizableMappedFile.java:207)
		at java.base/java.io.DataOutputStream.writeByte(DataOutputStream.java:161)
		at org.jetbrains.kotlin.incremental.storage.LookupSymbolKeyDescriptor.save(externalizers.kt:70)
		at org.jetbrains.kotlin.incremental.storage.LookupSymbolKeyDescriptor.save(externalizers.kt:43)
		at org.jetbrains.kotlin.com.intellij.util.io.keyStorage.AppendableStorageBackedByResizableMappedFile.checkBytesAreTheSame(AppendableStorageBackedByResizableMappedFile.java:165)
		at org.jetbrains.kotlin.com.intellij.util.io.PersistentEnumeratorBase.isKeyAtIndex(PersistentEnumeratorBase.java:370)
		at org.jetbrains.kotlin.com.intellij.util.io.PersistentBTreeEnumerator.enumerateImpl(PersistentBTreeEnumerator.java:528)
		at org.jetbrains.kotlin.com.intellij.util.io.PersistentEnumeratorBase.lambda$doEnumerate$0(PersistentEnumeratorBase.java:267)
		at org.jetbrains.kotlin.com.intellij.util.io.PersistentEnumeratorBase.catchCorruption(PersistentEnumeratorBase.java:608)
		... 47 more


